[0.446s] DEBUG:colcon:Command line arguments: ['/usr/bin/colcon', 'list', '-p', '--base-paths', '/home/gary/livox_ros2_driver']
[0.446s] DEBUG:colcon:Parsed command line arguments: Namespace(base_paths=['/home/gary/livox_ros2_driver'], build_base='build', ignore_user_meta=False, log_base=None, log_level=None, main=<bound method ListVerb.main of <colcon_package_information.verb.list.ListVerb object at 0x7fc58d204b80>>, metas=['./colcon.meta'], names_only=False, packages_above=None, packages_above_and_dependencies=None, packages_above_depth=None, packages_end=None, packages_ignore=None, packages_ignore_regex=None, packages_select=None, packages_select_build_failed=False, packages_select_by_dep=None, packages_select_regex=None, packages_select_test_failures=False, packages_skip=None, packages_skip_build_finished=False, packages_skip_by_dep=None, packages_skip_regex=None, packages_skip_test_passed=False, packages_skip_up_to=None, packages_start=None, packages_up_to=None, packages_up_to_regex=None, paths=None, paths_only=True, topological_graph=False, topological_graph_density=False, topological_graph_dot=False, topological_graph_dot_cluster=False, topological_graph_dot_include_skipped=False, topological_graph_legend=False, topological_order=False, verb_extension=<colcon_package_information.verb.list.ListVerb object at 0x7fc58d204b80>, verb_name='list', verb_parser=<colcon_defaults.argument_parser.defaults.DefaultArgumentsDecorator object at 0x7fc58d0abbb0>)
[0.492s] Level 1:colcon.colcon_core.package_discovery:discover_packages(colcon_meta) check parameters
[0.492s] Level 1:colcon.colcon_core.package_discovery:discover_packages(recursive) check parameters
[0.492s] Level 1:colcon.colcon_core.package_discovery:discover_packages(ignore) check parameters
[0.492s] Level 1:colcon.colcon_core.package_discovery:discover_packages(path) check parameters
[0.492s] Level 1:colcon.colcon_core.package_discovery:discover_packages(recursive) discover
[0.492s] INFO:colcon.colcon_core.package_discovery:Crawling recursively for packages in '/home/gary/livox_ros2_driver'
[0.493s] Level 1:colcon.colcon_core.package_identification:_identify(/home/gary/livox_ros2_driver) by extensions ['ignore', 'ignore_ament_install']
[0.493s] Level 1:colcon.colcon_core.package_identification:_identify(/home/gary/livox_ros2_driver) by extension 'ignore'
[0.493s] Level 1:colcon.colcon_core.package_identification:_identify(/home/gary/livox_ros2_driver) by extension 'ignore_ament_install'
[0.493s] Level 1:colcon.colcon_core.package_identification:_identify(/home/gary/livox_ros2_driver) by extensions ['colcon_pkg']
[0.493s] Level 1:colcon.colcon_core.package_identification:_identify(/home/gary/livox_ros2_driver) by extension 'colcon_pkg'
[0.493s] Level 1:colcon.colcon_core.package_identification:_identify(/home/gary/livox_ros2_driver) by extensions ['colcon_meta']
[0.493s] Level 1:colcon.colcon_core.package_identification:_identify(/home/gary/livox_ros2_driver) by extension 'colcon_meta'
[0.493s] Level 1:colcon.colcon_core.package_identification:_identify(/home/gary/livox_ros2_driver) by extensions ['ros']
[0.493s] Level 1:colcon.colcon_core.package_identification:_identify(/home/gary/livox_ros2_driver) by extension 'ros'
[0.511s] Level 1:colcon.colcon_core.package_identification:_identify(/home/gary/livox_ros2_driver) by extensions ['cmake', 'python']
[0.511s] Level 1:colcon.colcon_core.package_identification:_identify(/home/gary/livox_ros2_driver) by extension 'cmake'
[0.511s] Level 1:colcon.colcon_core.package_identification:_identify(/home/gary/livox_ros2_driver) by extension 'python'
[0.511s] Level 1:colcon.colcon_core.package_identification:_identify(/home/gary/livox_ros2_driver) by extensions ['python_setup_py']
[0.512s] Level 1:colcon.colcon_core.package_identification:_identify(/home/gary/livox_ros2_driver) by extension 'python_setup_py'
[0.512s] Level 1:colcon.colcon_core.package_identification:_identify(/home/gary/livox_ros2_driver/images) by extensions ['ignore', 'ignore_ament_install']
[0.512s] Level 1:colcon.colcon_core.package_identification:_identify(/home/gary/livox_ros2_driver/images) by extension 'ignore'
[0.512s] Level 1:colcon.colcon_core.package_identification:_identify(/home/gary/livox_ros2_driver/images) by extension 'ignore_ament_install'
[0.512s] Level 1:colcon.colcon_core.package_identification:_identify(/home/gary/livox_ros2_driver/images) by extensions ['colcon_pkg']
[0.512s] Level 1:colcon.colcon_core.package_identification:_identify(/home/gary/livox_ros2_driver/images) by extension 'colcon_pkg'
[0.512s] Level 1:colcon.colcon_core.package_identification:_identify(/home/gary/livox_ros2_driver/images) by extensions ['colcon_meta']
[0.512s] Level 1:colcon.colcon_core.package_identification:_identify(/home/gary/livox_ros2_driver/images) by extension 'colcon_meta'
[0.512s] Level 1:colcon.colcon_core.package_identification:_identify(/home/gary/livox_ros2_driver/images) by extensions ['ros']
[0.512s] Level 1:colcon.colcon_core.package_identification:_identify(/home/gary/livox_ros2_driver/images) by extension 'ros'
[0.513s] Level 1:colcon.colcon_core.package_identification:_identify(/home/gary/livox_ros2_driver/images) by extensions ['cmake', 'python']
[0.513s] Level 1:colcon.colcon_core.package_identification:_identify(/home/gary/livox_ros2_driver/images) by extension 'cmake'
[0.513s] Level 1:colcon.colcon_core.package_identification:_identify(/home/gary/livox_ros2_driver/images) by extension 'python'
[0.513s] Level 1:colcon.colcon_core.package_identification:_identify(/home/gary/livox_ros2_driver/images) by extensions ['python_setup_py']
[0.513s] Level 1:colcon.colcon_core.package_identification:_identify(/home/gary/livox_ros2_driver/images) by extension 'python_setup_py'
[0.513s] Level 1:colcon.colcon_core.package_identification:_identify(/home/gary/livox_ros2_driver/livox_interfaces) by extensions ['ignore', 'ignore_ament_install']
[0.513s] Level 1:colcon.colcon_core.package_identification:_identify(/home/gary/livox_ros2_driver/livox_interfaces) by extension 'ignore'
[0.513s] Level 1:colcon.colcon_core.package_identification:_identify(/home/gary/livox_ros2_driver/livox_interfaces) by extension 'ignore_ament_install'
[0.513s] Level 1:colcon.colcon_core.package_identification:_identify(/home/gary/livox_ros2_driver/livox_interfaces) by extensions ['colcon_pkg']
[0.513s] Level 1:colcon.colcon_core.package_identification:_identify(/home/gary/livox_ros2_driver/livox_interfaces) by extension 'colcon_pkg'
[0.514s] Level 1:colcon.colcon_core.package_identification:_identify(/home/gary/livox_ros2_driver/livox_interfaces) by extensions ['colcon_meta']
[0.514s] Level 1:colcon.colcon_core.package_identification:_identify(/home/gary/livox_ros2_driver/livox_interfaces) by extension 'colcon_meta'
[0.514s] Level 1:colcon.colcon_core.package_identification:_identify(/home/gary/livox_ros2_driver/livox_interfaces) by extensions ['ros']
[0.514s] Level 1:colcon.colcon_core.package_identification:_identify(/home/gary/livox_ros2_driver/livox_interfaces) by extension 'ros'
[0.518s] DEBUG:colcon.colcon_core.package_identification:Package '/home/gary/livox_ros2_driver/livox_interfaces' with type 'ros.ament_cmake' and name 'livox_interfaces'
[0.518s] Level 1:colcon.colcon_core.package_identification:_identify(/home/gary/livox_ros2_driver/livox_ros2_driver) by extensions ['ignore', 'ignore_ament_install']
[0.518s] Level 1:colcon.colcon_core.package_identification:_identify(/home/gary/livox_ros2_driver/livox_ros2_driver) by extension 'ignore'
[0.518s] Level 1:colcon.colcon_core.package_identification:_identify(/home/gary/livox_ros2_driver/livox_ros2_driver) by extension 'ignore_ament_install'
[0.518s] Level 1:colcon.colcon_core.package_identification:_identify(/home/gary/livox_ros2_driver/livox_ros2_driver) by extensions ['colcon_pkg']
[0.518s] Level 1:colcon.colcon_core.package_identification:_identify(/home/gary/livox_ros2_driver/livox_ros2_driver) by extension 'colcon_pkg'
[0.518s] Level 1:colcon.colcon_core.package_identification:_identify(/home/gary/livox_ros2_driver/livox_ros2_driver) by extensions ['colcon_meta']
[0.519s] Level 1:colcon.colcon_core.package_identification:_identify(/home/gary/livox_ros2_driver/livox_ros2_driver) by extension 'colcon_meta'
[0.519s] Level 1:colcon.colcon_core.package_identification:_identify(/home/gary/livox_ros2_driver/livox_ros2_driver) by extensions ['ros']
[0.519s] Level 1:colcon.colcon_core.package_identification:_identify(/home/gary/livox_ros2_driver/livox_ros2_driver) by extension 'ros'
[0.521s] DEBUG:colcon.colcon_core.package_identification:Package '/home/gary/livox_ros2_driver/livox_ros2_driver' with type 'ros.ament_cmake' and name 'livox_ros2_driver'
[0.521s] Level 1:colcon.colcon_core.package_identification:_identify(/home/gary/livox_ros2_driver/livox_sdk_vendor) by extensions ['ignore', 'ignore_ament_install']
[0.521s] Level 1:colcon.colcon_core.package_identification:_identify(/home/gary/livox_ros2_driver/livox_sdk_vendor) by extension 'ignore'
[0.521s] Level 1:colcon.colcon_core.package_identification:_identify(/home/gary/livox_ros2_driver/livox_sdk_vendor) by extension 'ignore_ament_install'
[0.521s] Level 1:colcon.colcon_core.package_identification:_identify(/home/gary/livox_ros2_driver/livox_sdk_vendor) by extensions ['colcon_pkg']
[0.522s] Level 1:colcon.colcon_core.package_identification:_identify(/home/gary/livox_ros2_driver/livox_sdk_vendor) by extension 'colcon_pkg'
[0.522s] Level 1:colcon.colcon_core.package_identification:_identify(/home/gary/livox_ros2_driver/livox_sdk_vendor) by extensions ['colcon_meta']
[0.522s] Level 1:colcon.colcon_core.package_identification:_identify(/home/gary/livox_ros2_driver/livox_sdk_vendor) by extension 'colcon_meta'
[0.522s] Level 1:colcon.colcon_core.package_identification:_identify(/home/gary/livox_ros2_driver/livox_sdk_vendor) by extensions ['ros']
[0.522s] Level 1:colcon.colcon_core.package_identification:_identify(/home/gary/livox_ros2_driver/livox_sdk_vendor) by extension 'ros'
[0.522s] DEBUG:colcon.colcon_core.package_identification:Package '/home/gary/livox_ros2_driver/livox_sdk_vendor' with type 'ros.ament_cmake' and name 'livox_sdk_vendor'
[0.523s] Level 1:colcon.colcon_core.package_identification:_identify(/home/gary/livox_ros2_driver/log) by extensions ['ignore', 'ignore_ament_install']
[0.523s] Level 1:colcon.colcon_core.package_identification:_identify(/home/gary/livox_ros2_driver/log) by extension 'ignore'
[0.523s] Level 1:colcon.colcon_core.package_identification:_identify(/home/gary/livox_ros2_driver/log) ignored
[0.523s] Level 1:colcon.colcon_core.package_discovery:discover_packages(recursive) using defaults
